<?xml version="1.0" encoding="UTF-8"?>
<testsuite xmlns:xsi="http://www.w3.org/2001/XMLSchema-instance" xsi:noNamespaceSchemaLocation="https://maven.apache.org/surefire/maven-surefire-plugin/xsd/surefire-test-report-3.0.xsd" version="3.0" name="com.lu.ddwyydemo04.DdwyyDemo04ApplicationTests" time="1.722" tests="1" errors="0" skipped="0" failures="0">
  <properties>
[...]
</properties>
  <testcase name="contextLoads" classname="com.lu.ddwyydemo04.DdwyyDemo04ApplicationTests" time="0.13">
    <system-out><![CDATA[18:34:41.493 [main] DEBUG org.springframework.test.context.BootstrapUtils - Instantiating CacheAwareContextLoaderDelegate from class [org.springframework.test.context.cache.DefaultCacheAwareContextLoaderDelegate]
18:34:41.501 [main] DEBUG org.springframework.test.context.BootstrapUtils - Instantiating BootstrapContext using constructor [public org.springframework.test.context.support.DefaultBootstrapContext(java.lang.Class,org.springframework.test.context.CacheAwareContextLoaderDelegate)]
18:34:41.517 [main] DEBUG org.springframework.test.context.BootstrapUtils - Instantiating TestContextBootstrapper for test class [com.lu.ddwyydemo04.DdwyyDemo04ApplicationTests] from class [org.springframework.boot.test.context.SpringBootTestContextBootstrapper]
18:34:41.527 [main] INFO org.springframework.boot.test.context.SpringBootTestContextBootstrapper - Neither @ContextConfiguration nor @ContextHierarchy found for test class [com.lu.ddwyydemo04.DdwyyDemo04ApplicationTests], using SpringBootContextLoader
18:34:41.528 [main] DEBUG org.springframework.test.context.support.AbstractContextLoader - Did not detect default resource location for test class [com.lu.ddwyydemo04.DdwyyDemo04ApplicationTests]: class path resource [com/lu/ddwyydemo04/DdwyyDemo04ApplicationTests-context.xml] does not exist
18:34:41.530 [main] DEBUG org.springframework.test.context.support.AbstractContextLoader - Did not detect default resource location for test class [com.lu.ddwyydemo04.DdwyyDemo04ApplicationTests]: class path resource [com/lu/ddwyydemo04/DdwyyDemo04ApplicationTestsContext.groovy] does not exist
18:34:41.530 [main] INFO org.springframework.test.context.support.AbstractContextLoader - Could not detect default resource locations for test class [com.lu.ddwyydemo04.DdwyyDemo04ApplicationTests]: no resource found for suffixes {-context.xml, Context.groovy}.
18:34:41.530 [main] INFO org.springframework.test.context.support.AnnotationConfigContextLoaderUtils - Could not detect default configuration classes for test class [com.lu.ddwyydemo04.DdwyyDemo04ApplicationTests]: DdwyyDemo04ApplicationTests does not declare any static, non-private, non-final, nested classes annotated with @Configuration.
18:34:41.548 [main] DEBUG org.springframework.test.context.support.ActiveProfilesUtils - Could not find an 'annotation declaring class' for annotation type [org.springframework.test.context.ActiveProfiles] and class [com.lu.ddwyydemo04.DdwyyDemo04ApplicationTests]
18:34:41.582 [main] DEBUG org.springframework.context.annotation.ClassPathScanningCandidateComponentProvider - Identified candidate component class: file [E:\ddwyyDemo04\testDevPortal\target\classes\com\lu\ddwyydemo04\DdwyyDemo04Application.class]
18:34:41.582 [main] INFO org.springframework.boot.test.context.SpringBootTestContextBootstrapper - Found @SpringBootConfiguration com.lu.ddwyydemo04.DdwyyDemo04Application for test class com.lu.ddwyydemo04.DdwyyDemo04ApplicationTests
18:34:41.624 [main] DEBUG org.springframework.boot.test.context.SpringBootTestContextBootstrapper - @TestExecutionListeners is not present for class [com.lu.ddwyydemo04.DdwyyDemo04ApplicationTests]: using defaults.
18:34:41.625 [main] INFO org.springframework.boot.test.context.SpringBootTestContextBootstrapper - Loaded default TestExecutionListener class names from location [META-INF/spring.factories]: [org.springframework.boot.test.mock.mockito.MockitoTestExecutionListener, org.springframework.boot.test.mock.mockito.ResetMocksTestExecutionListener, org.springframework.boot.test.autoconfigure.restdocs.RestDocsTestExecutionListener, org.springframework.boot.test.autoconfigure.web.client.MockRestServiceServerResetTestExecutionListener, org.springframework.boot.test.autoconfigure.web.servlet.MockMvcPrintOnlyOnFailureTestExecutionListener, org.springframework.boot.test.autoconfigure.web.servlet.WebDriverTestExecutionListener, org.springframework.boot.test.autoconfigure.webservices.client.MockWebServiceServerTestExecutionListener, org.springframework.test.context.web.ServletTestExecutionListener, org.springframework.test.context.support.DirtiesContextBeforeModesTestExecutionListener, org.springframework.test.context.event.ApplicationEventsTestExecutionListener, org.springframework.test.context.support.DependencyInjectionTestExecutionListener, org.springframework.test.context.support.DirtiesContextTestExecutionListener, org.springframework.test.context.transaction.TransactionalTestExecutionListener, org.springframework.test.context.jdbc.SqlScriptsTestExecutionListener, org.springframework.test.context.event.EventPublishingTestExecutionListener]
18:34:41.632 [main] INFO org.springframework.boot.test.context.SpringBootTestContextBootstrapper - Using TestExecutionListeners: [org.springframework.test.context.web.ServletTestExecutionListener@7d322cad, org.springframework.test.context.support.DirtiesContextBeforeModesTestExecutionListener@21be3395, org.springframework.test.context.event.ApplicationEventsTestExecutionListener@4f49f6af, org.springframework.boot.test.mock.mockito.MockitoTestExecutionListener@78452606, org.springframework.boot.test.autoconfigure.SpringBootDependencyInjectionTestExecutionListener@147e2ae7, org.springframework.test.context.support.DirtiesContextTestExecutionListener@448c8166, org.springframework.test.context.transaction.TransactionalTestExecutionListener@4470fbd6, org.springframework.test.context.jdbc.SqlScriptsTestExecutionListener@15d49048, org.springframework.test.context.event.EventPublishingTestExecutionListener@7098b907, org.springframework.boot.test.mock.mockito.ResetMocksTestExecutionListener@503f91c3, org.springframework.boot.test.autoconfigure.restdocs.RestDocsTestExecutionListener@13526e59, org.springframework.boot.test.autoconfigure.web.client.MockRestServiceServerResetTestExecutionListener@2235eaab, org.springframework.boot.test.autoconfigure.web.servlet.MockMvcPrintOnlyOnFailureTestExecutionListener@17503f6b, org.springframework.boot.test.autoconfigure.web.servlet.WebDriverTestExecutionListener@3bcd05cb, org.springframework.boot.test.autoconfigure.webservices.client.MockWebServiceServerTestExecutionListener@3b6d844d]
18:34:41.633 [main] DEBUG org.springframework.test.context.support.AbstractDirtiesContextTestExecutionListener - Before test class: context [DefaultTestContext@24105dc5 testClass = DdwyyDemo04ApplicationTests, testInstance = [null], testMethod = [null], testException = [null], mergedContextConfiguration = [WebMergedContextConfiguration@5167f57d testClass = DdwyyDemo04ApplicationTests, locations = '{}', classes = '{class com.lu.ddwyydemo04.DdwyyDemo04Application}', contextInitializerClasses = '[]', activeProfiles = '{}', propertySourceLocations = '{}', propertySourceProperties = '{org.springframework.boot.test.context.SpringBootTestContextBootstrapper=true}', contextCustomizers = set[org.springframework.boot.test.context.filter.ExcludeFilterContextCustomizer@77c2494c, org.springframework.boot.test.json.DuplicateJsonObjectContextCustomizerFactory$DuplicateJsonObjectContextCustomizer@3eb738bb, org.springframework.boot.test.mock.mockito.MockitoContextCustomizer@0, org.springframework.boot.test.web.client.TestRestTemplateContextCustomizer@2cd76f31, org.springframework.boot.test.autoconfigure.actuate.metrics.MetricsExportContextCustomizerFactory$DisableMetricExportContextCustomizer@1ce24091, org.springframework.boot.test.autoconfigure.properties.PropertyMappingContextCustomizer@0, org.springframework.boot.test.autoconfigure.web.servlet.WebDriverContextCustomizerFactory$Customizer@24313fcc, org.springframework.boot.test.context.SpringBootTestArgs@1, org.springframework.boot.test.context.SpringBootTestWebEnvironment@22a67b4], resourceBasePath = 'src/main/webapp', contextLoader = 'org.springframework.boot.test.context.SpringBootContextLoader', parent = [null]], attributes = map['org.springframework.test.context.web.ServletTestExecutionListener.activateListener' -> true]], class annotated with @DirtiesContext [false] with mode [null].
18:34:41.647 [main] DEBUG org.springframework.test.context.support.TestPropertySourceUtils - Adding inlined properties to environment: {spring.jmx.enabled=false, org.springframework.boot.test.context.SpringBootTestContextBootstrapper=true}

  .   ____          _            __ _ _
 /\\ / ___'_ __ _ _(_)_ __  __ _ \ \ \ \
( ( )\___ | '_ | '_| | '_ \/ _` | \ \ \ \
 \\/  ___)| |_)| | | | | || (_| |  ) ) ) )
  '  |____| .__|_| |_|_| |_\__, | / / / /
 =========|_|==============|___/=/_/_/_/
 :: Spring Boot ::                (v2.4.2)

2025-10-30 18:34:41 INFO  c.l.d.DdwyyDemo04ApplicationTests - Starting DdwyyDemo04ApplicationTests using Java 1.8.0_152 on rog8 with PID 44552 (started by 91296 in E:\ddwyyDemo04\testDevPortal)
2025-10-30 18:34:41 INFO  c.l.d.DdwyyDemo04ApplicationTests - The following profiles are active: dev
2025-10-30 18:34:42 INFO  o.s.s.c.ThreadPoolTaskExecutor - Initializing ExecutorService 'applicationTaskExecutor'
2025-10-30 18:34:42 INFO  o.s.b.a.w.s.WelcomePageHandlerMapping - Adding welcome page: class path resource [static/index.html]
2025-10-30 18:34:42 WARN  o.t.templatemode.TemplateMode - [THYMELEAF][main] Template Mode 'HTML5' is deprecated. Using Template Mode 'HTML' instead.
2025-10-30 18:34:43 INFO  c.l.d.DdwyyDemo04ApplicationTests - Started DdwyyDemo04ApplicationTests in 1.389 seconds (JVM running for 1.846)
]]></system-out>
  </testcase>
</testsuite>